<?xml version="1.0" encoding="UTF-8"?>
<testsuite name="Linux-clang++"
	tests="42"
	failures="1"
	disabled="0"
	skipped="0"
	hostname="cathyLaptop"
	time="63"
	timestamp="2026-09-17T10:05:23"
	>
	<testcase name="sbus_source_contract" classname="sbus_source_contract" time="0.0105189" status="run">
		<properties/>
		<system-out>P9.3 source contract: PASS
</system-out>
	</testcase>
	<testcase name="control_cycle_contract" classname="control_cycle_contract" time="0.0123032" status="run">
		<properties/>
		<system-out></system-out>
	</testcase>
	<testcase name="canopen_runtime_policy" classname="canopen_runtime_policy" time="0.00620593" status="run">
		<properties/>
		<system-out></system-out>
	</testcase>
	<testcase name="platform_probe_help" classname="platform_probe_help" time="0.00502246" status="run">
		<properties/>
		<system-out>Usage: robot-control-platform-probe [--help|--phase3-smoke]
</system-out>
	</testcase>
	<testcase name="platform_probe_run" classname="platform_probe_run" time="0.00475757" status="run">
		<properties/>
		<system-out>probe_version=1
sysname=Linux
release=7.2.5-1-cachyos
machine=x86_64
pid=117772
monotonic_ns=21960236053889
</system-out>
	</testcase>
	<testcase name="platform_probe_phase3_smoke" classname="platform_probe_phase3_smoke" time="0.00494694" status="run">
		<properties/>
		<system-out>I/elog     EasyLogger V2.2.0 is initialize success.
I/platform_probe timestamp_unix_s=1789610723 severity=INFO event="phase3_smoke" result=pass
</system-out>
	</testcase>
	<testcase name="can_probe_help" classname="can_probe_help" time="0.00494776" status="run">
		<properties/>
		<system-out>Usage: robot-control-can-probe --interface &lt;ifname&gt; [--duration-ms &lt;milliseconds&gt;]
       robot-control-can-probe --help
duration-ms must be in the range 1..60000.
</system-out>
	</testcase>
	<testcase name="can_probe_missing_interface" classname="can_probe_missing_interface" time="0.0121542" status="run">
		<properties/>
		<system-out>event=error operation="parse_arguments" context="missing required argument=--interface" errno=22 message="Invalid argument"
Usage: robot-control-can-probe --interface &lt;ifname&gt; [--duration-ms &lt;milliseconds&gt;]
       robot-control-can-probe --help
duration-ms must be in the range 1..60000.
</system-out>
	</testcase>
	<testcase name="can_probe_unknown_argument" classname="can_probe_unknown_argument" time="0.0145021" status="run">
		<properties/>
		<system-out>event=error operation="parse_arguments" context="unknown argument=--unknown" errno=22 message="Invalid argument"
Usage: robot-control-can-probe --interface &lt;ifname&gt; [--duration-ms &lt;milliseconds&gt;]
       robot-control-can-probe --help
duration-ms must be in the range 1..60000.
</system-out>
	</testcase>
	<testcase name="can_probe_duration_zero" classname="can_probe_duration_zero" time="0.0136089" status="run">
		<properties/>
		<system-out>event=error operation="parse_arguments" context="duration-ms out of range value=0" errno=34 message="Numerical result out of range"
Usage: robot-control-can-probe --interface &lt;ifname&gt; [--duration-ms &lt;milliseconds&gt;]
       robot-control-can-probe --help
duration-ms must be in the range 1..60000.
</system-out>
	</testcase>
	<testcase name="can_probe_duration_nonnumeric" classname="can_probe_duration_nonnumeric" time="0.0133552" status="run">
		<properties/>
		<system-out>event=error operation="parse_arguments" context="invalid duration-ms value=abc" errno=22 message="Invalid argument"
Usage: robot-control-can-probe --interface &lt;ifname&gt; [--duration-ms &lt;milliseconds&gt;]
       robot-control-can-probe --help
duration-ms must be in the range 1..60000.
</system-out>
	</testcase>
	<testcase name="can_probe_duration_overflow" classname="can_probe_duration_overflow" time="0.0144868" status="run">
		<properties/>
		<system-out>event=error operation="parse_arguments" context="duration-ms overflow value=9999999999999999999999999999999999999999" errno=34 message="Numerical result out of range"
Usage: robot-control-can-probe --interface &lt;ifname&gt; [--duration-ms &lt;milliseconds&gt;]
       robot-control-can-probe --help
duration-ms must be in the range 1..60000.
</system-out>
	</testcase>
	<testcase name="can_probe_duplicate_interface" classname="can_probe_duplicate_interface" time="0.0129263" status="run">
		<properties/>
		<system-out>event=error operation="parse_arguments" context="duplicate argument=--interface" errno=22 message="Invalid argument"
Usage: robot-control-can-probe --interface &lt;ifname&gt; [--duration-ms &lt;milliseconds&gt;]
       robot-control-can-probe --help
duration-ms must be in the range 1..60000.
</system-out>
	</testcase>
	<testcase name="can_probe_duplicate_duration" classname="can_probe_duplicate_duration" time="0.013086" status="run">
		<properties/>
		<system-out>event=error operation="parse_arguments" context="duplicate argument=--duration-ms" errno=22 message="Invalid argument"
Usage: robot-control-can-probe --interface &lt;ifname&gt; [--duration-ms &lt;milliseconds&gt;]
       robot-control-can-probe --help
duration-ms must be in the range 1..60000.
</system-out>
	</testcase>
	<testcase name="can_probe_interface_missing_value" classname="can_probe_interface_missing_value" time="0.0120279" status="run">
		<properties/>
		<system-out>event=error operation="parse_arguments" context="missing value for --interface" errno=22 message="Invalid argument"
Usage: robot-control-can-probe --interface &lt;ifname&gt; [--duration-ms &lt;milliseconds&gt;]
       robot-control-can-probe --help
duration-ms must be in the range 1..60000.
</system-out>
	</testcase>
	<testcase name="can_probe_duration_missing_value" classname="can_probe_duration_missing_value" time="0.0132226" status="run">
		<properties/>
		<system-out>event=error operation="parse_arguments" context="missing value for --duration-ms" errno=22 message="Invalid argument"
Usage: robot-control-can-probe --interface &lt;ifname&gt; [--duration-ms &lt;milliseconds&gt;]
       robot-control-can-probe --help
duration-ms must be in the range 1..60000.
</system-out>
	</testcase>
	<testcase name="can_probe_duration_negative" classname="can_probe_duration_negative" time="0.0132411" status="run">
		<properties/>
		<system-out>event=error operation="parse_arguments" context="invalid duration-ms value=-1" errno=22 message="Invalid argument"
Usage: robot-control-can-probe --interface &lt;ifname&gt; [--duration-ms &lt;milliseconds&gt;]
       robot-control-can-probe --help
duration-ms must be in the range 1..60000.
</system-out>
	</testcase>
	<testcase name="canopen_observer_help" classname="canopen_observer_help" time="0.00800175" status="run">
		<properties/>
		<system-out>Usage: robot-control-canopen-observer --interface IFACE --controller-node N --remote-node N
       --bitrate-kbit N --heartbeat-timeout-ms N --sdo-timeout-ms N
       --tpdo-timeout-ms N --tpdo-dlc D1,D2,D3,D4 [--duration-ms N]
</system-out>
	</testcase>
	<testcase name="canopen_observer_invalid_" classname="canopen_observer_invalid_" time="0.0123535" status="run">
		<properties/>
		<system-out>event=error operation=parse_arguments context="missing required observer configuration" errno=22 message="Invalid argument"
Usage: robot-control-canopen-observer --interface IFACE --controller-node N --remote-node N
       --bitrate-kbit N --heartbeat-timeout-ms N --sdo-timeout-ms N
       --tpdo-timeout-ms N --tpdo-dlc D1,D2,D3,D4 [--duration-ms N]
</system-out>
	</testcase>
	<testcase name="canopen_observer_invalid___unknown" classname="canopen_observer_invalid___unknown" time="0.0119139" status="run">
		<properties/>
		<system-out>event=error operation=parse_arguments context="missing value argument=--unknown" errno=22 message="Invalid argument"
Usage: robot-control-canopen-observer --interface IFACE --controller-node N --remote-node N
       --bitrate-kbit N --heartbeat-timeout-ms N --sdo-timeout-ms N
       --tpdo-timeout-ms N --tpdo-dlc D1,D2,D3,D4 [--duration-ms N]
</system-out>
	</testcase>
	<testcase name="canopen_observer_invalid___interface_unused0" classname="canopen_observer_invalid___interface_unused0" time="0.012424" status="run">
		<properties/>
		<system-out>event=error operation=parse_arguments context="missing required observer configuration" errno=22 message="Invalid argument"
Usage: robot-control-canopen-observer --interface IFACE --controller-node N --remote-node N
       --bitrate-kbit N --heartbeat-timeout-ms N --sdo-timeout-ms N
       --tpdo-timeout-ms N --tpdo-dlc D1,D2,D3,D4 [--duration-ms N]
</system-out>
	</testcase>
	<testcase name="canopen_observer_invalid___interface_unused0___interface_unused1" classname="canopen_observer_invalid___interface_unused0___interface_unused1" time="0.0117631" status="run">
		<properties/>
		<system-out>event=error operation=parse_arguments context="duplicate argument=--interface" errno=22 message="Invalid argument"
Usage: robot-control-canopen-observer --interface IFACE --controller-node N --remote-node N
       --bitrate-kbit N --heartbeat-timeout-ms N --sdo-timeout-ms N
       --tpdo-timeout-ms N --tpdo-dlc D1,D2,D3,D4 [--duration-ms N]
</system-out>
	</testcase>
	<testcase name="canopen_observer_invalid___duration_ms_0" classname="canopen_observer_invalid___duration_ms_0" time="0.0126273" status="run">
		<properties/>
		<system-out>event=error operation=parse_arguments context="invalid value argument=--duration-ms" errno=22 message="Invalid argument"
Usage: robot-control-canopen-observer --interface IFACE --controller-node N --remote-node N
       --bitrate-kbit N --heartbeat-timeout-ms N --sdo-timeout-ms N
       --tpdo-timeout-ms N --tpdo-dlc D1,D2,D3,D4 [--duration-ms N]
</system-out>
	</testcase>
	<testcase name="canopen_observer_invalid___duration_ms_1___duration_ms_2" classname="canopen_observer_invalid___duration_ms_1___duration_ms_2" time="0.0118693" status="run">
		<properties/>
		<system-out>event=error operation=parse_arguments context="duplicate argument=--duration-ms" errno=22 message="Invalid argument"
Usage: robot-control-canopen-observer --interface IFACE --controller-node N --remote-node N
       --bitrate-kbit N --heartbeat-timeout-ms N --sdo-timeout-ms N
       --tpdo-timeout-ms N --tpdo-dlc D1,D2,D3,D4 [--duration-ms N]
</system-out>
	</testcase>
	<testcase name="control_hil_trace" classname="control_hil_trace" time="0.0125933" status="run">
		<properties/>
		<system-out>trace_failures=0
</system-out>
	</testcase>
	<testcase name="control_hil_motion_gate" classname="control_hil_motion_gate" time="0.00396855" status="run">
		<properties/>
		<system-out>motion_gate_failures=0
</system-out>
	</testcase>
	<testcase name="control_hil_zero_gate" classname="control_hil_zero_gate" time="0.00430161" status="run">
		<properties/>
		<system-out>zero_gate_failures=0
</system-out>
	</testcase>
	<testcase name="control_hil_help" classname="control_hil_help" time="0.00443569" status="run">
		<properties/>
		<system-out>Usage: robot-control-hil --interface can0|none --device /dev/tty... --duration-ms MS (--zero-only|--single-left|--single-right|--observe-input)
MS: 2000..20000 for zero-only; 2000..60000 for single-wheel operator wait or receive-only input.
</system-out>
	</testcase>
	<testcase name="control_hil_zero_vcan_managed" classname="control_hil_zero_vcan_managed" time="8.3582" status="run">
		<properties/>
		<system-out>INFO: managed namespace vcan0 is up
{
  "status": "PASS_protocol_and_restoration",
  "matching_frames": 882,
  "counts": {
    "0x601": 122,
    "0x581": 122,
    "0x701": 133,
    "0x0": 3,
    "0x181": 126,
    "0x281": 126,
    "0x201": 250
  },
  "tpdo2_frames": 126,
  "tpdo2_span_ms": 2570.9089999982098,
  "tpdo2_interval_ms": [
    19.33400000052643,
    21.91099999981816
  ],
  "exact_volatile_writes": 36,
  "nmt": [
    "8001",
    "0101",
    "8001"
  ],
  "all_targets_zero": true,
  "rpdo_frames": 250,
  "enabled_feedback": 86,
  "enabled_samples": 173,
  "baseline_restored": true,
  "operator": "Separate post-trial confirmation required; not inferred from protocol",
  "scope": "Zero-target ControlLoop only; motion and fault trials remain open"
}
happy: passed, zero_rpdo=250, restored=verified
nonzero: passed, zero_rpdo=92, restored=verified
x1_pulse: passed, zero_rpdo=97, restored=verified
sigterm: passed, zero_rpdo=95, restored=verified
missing_diagnostics: passed, zero_rpdo=0, restored=verified
</system-out>
	</testcase>
	<testcase name="control_hil_motion_vcan_managed" classname="control_hil_motion_vcan_managed" time="46.3107" status="fail">
		<failure message="Failed"/>
		<properties/>
		<system-out>INFO: managed namespace vcan0 is up
{
  "status": "PASS_protocol_and_restoration",
  "matching_frames": 798,
  "counts": {
    "0x601": 122,
    "0x581": 122,
    "0x701": 123,
    "0x0": 3,
    "0x181": 116,
    "0x281": 116,
    "0x201": 196
  },
  "tpdo2_frames": 116,
  "tpdo2_span_ms": 2358.605000001262,
  "tpdo2_interval_ms": [
    19.874999998137355,
    22.061000003304798
  ],
  "exact_volatile_writes": 36,
  "nmt": [
    "8001",
    "0101",
    "8001"
  ],
  "selected_wheel": "left",
  "nonzero_window_ms": 810.1199999982782,
  "stop_to_zero_ms": 161.2889999996696,
  "opposite_targets_and_feedback_zero": true,
  "rpdo_frames": 196,
  "enabled_feedback": 60,
  "enabled_samples": 122,
  "baseline_restored": true,
  "operator": "Separate post-trial confirmation required; not inferred from protocol",
  "scope": "One selected positive wheel only; physical sign confirmation and fault trials remain separate"
}
motion_left: passed, zero_rpdo=196, restored=verified
{
  "status": "PASS_protocol_and_restoration",
  "matching_frames": 795,
  "counts": {
    "0x601": 122,
    "0x581": 122,
    "0x701": 122,
    "0x0": 3,
    "0x181": 115,
    "0x281": 115,
    "0x201": 196
  },
  "tpdo2_frames": 115,
  "tpdo2_span_ms": 2347.233000000415,
  "tpdo2_interval_ms": [
    18.992000001162523,
    22.047999998903833
  ],
  "exact_volatile_writes": 36,
  "nmt": [
    "8001",
    "0101",
    "8001"
  ],
  "selected_wheel": "right",
  "nonzero_window_ms": 809.3140000019048,
  "stop_to_zero_ms": 166.720000001078,
  "opposite_targets_and_feedback_zero": true,
  "rpdo_frames": 196,
  "enabled_feedback": 60,
  "enabled_samples": 122,
  "baseline_restored": true,
  "operator": "Separate post-trial confirmation required; not inferred from protocol",
  "scope": "One selected positive wheel only; physical sign confirmation and fault trials remain separate"
}
motion_right: passed, zero_rpdo=196, restored=verified
{
  "status": "PASS_protocol_and_restoration",
  "matching_frames": 1332,
  "counts": {
    "0x601": 122,
    "0x581": 122,
    "0x701": 229,
    "0x0": 3,
    "0x181": 222,
    "0x281": 222,
    "0x201": 412
  },
  "tpdo2_frames": 222,
  "tpdo2_span_ms": 4532.831999997143,
  "tpdo2_interval_ms": [
    19.899000002624234,
    22.090999998908956
  ],
  "exact_volatile_writes": 36,
  "nmt": [
    "8001",
    "0101",
    "8001"
  ],
  "selected_wheel": "left",
  "nonzero_window_ms": 2951.052999997046,
  "stop_to_zero_ms": 168.45200000170735,
  "opposite_targets_and_feedback_zero": true,
  "rpdo_frames": 412,
  "enabled_feedback": 164,
  "enabled_samples": 336,
  "baseline_restored": true,
  "operator": "Separate post-trial confirmation required; not inferred from protocol",
  "scope": "One selected positive wheel only; physical sign confirmation and fault trials remain separate"
}
motion_deadline: passed, zero_rpdo=412, restored=verified
motion_both: passed, zero_rpdo=113, restored=verified
motion_reverse: passed, zero_rpdo=113, restored=verified
motion_no_feedback: passed, zero_rpdo=198, restored=verified
motion_wrong_feedback: passed, zero_rpdo=116, restored=verified
motion_stop_timeout: passed, zero_rpdo=196, restored=verified
motion_sigterm: passed, zero_rpdo=145, restored=verified
Traceback (most recent call last):
  File "/home/gtc/Desktop/workspace/Linux_PROJ/robot_control/tests/integration/control_hil_zero_vcan.py", line 336, in &lt;module&gt;
    trial(case)
    ~~~~~^^^^^^
  File "/home/gtc/Desktop/workspace/Linux_PROJ/robot_control/tests/integration/control_hil_zero_vcan.py", line 206, in trial
    assert process.returncode == (0 if success else 1), (
           ^^^^^^^^^^^^^^^^^^^^^^^^^^^^^^^^^^^^^^^^^^^
AssertionError: CAN Interface "vcan0" RX buffer set to 477 messages (212992 Bytes)
hil_read index=24641 sub=0 raw=4194368
hil_read index=24672 sub=0 raw=3
hil_read index=24673 sub=0 raw=3
hil_read index=24639 sub=0 raw=0
hil_read index=24831 sub=1 raw=0
hil_read index=24831 sub=2 raw=0
hil_read index=24684 sub=1 raw=0
hil_read index=24684 sub=2 raw=0
hil_read index=24684 sub=3 raw=0
hil_read index=8207 sub=0 raw=1
hil_read index=8192 sub=0 raw=0
hil_read index=4119 sub=0 raw=0
hil_read index=5120 sub=1 raw=513
hil_read index=5120 sub=2 raw=255
hil_read index=5120 sub=5 raw=1000
hil_read index=5632 sub=0 raw=2
hil_read index=5632 sub=1 raw=1614807056
hil_read index=5632 sub=2 raw=1616904200
hil_read index=6144 sub=1 raw=385
hil_read index=6144 sub=2 raw=255
hil_read index=6144 sub=5 raw=100
hil_read index=6656 sub=0 raw=2
hil_read index=6656 sub=1 raw=1614872608
hil_read index=6656 sub=2 raw=1617691424
hil_read index=6145 sub=1 raw=641
hil_read index=6145 sub=2 raw=255
hil_read index=6145 sub=5 raw=0
hil_read index=6657 sub=0 raw=0
hil_read index=6657 sub=1 raw=0
hil_read index=6657 sub=2 raw=0
hil_read index=5120 sub=1 raw=513
hil_read index=5120 sub=2 raw=255
hil_read index=5632 sub=0 raw=2
hil_read index=5632 sub=1 raw=1614807056
hil_read index=5632 sub=2 raw=1627325216
hil_read index=6144 sub=1 raw=385
hil_read index=6144 sub=2 raw=255
hil_read index=6656 sub=0 raw=2
hil_read index=6656 sub=1 raw=1614872608
hil_read index=6656 sub=2 raw=1617691424
hil_read index=6145 sub=1 raw=641
hil_read index=6145 sub=2 raw=255
hil_read index=6657 sub=0 raw=2
hil_read index=6657 sub=1 raw=1616969736
hil_read index=6657 sub=2 raw=1614741536
hil_read index=8207 sub=0 raw=1
event=control_start duration_ms=60000 targets=left_positive operator=neutral_release_then_press
event=control elapsed_ms=0 source_health=1 authorization=0 armed=0 status=2162721 word=2 left_tenths_rpm=0 right_tenths_rpm=0 enabled_samples=0
event=control elapsed_ms=100 source_health=2 authorization=0 armed=0 status=458759 word=2 left_tenths_rpm=0 right_tenths_rpm=0 enabled_samples=0
event=control elapsed_ms=210 source_health=2 authorization=0 armed=0 status=458759 word=2 left_tenths_rpm=0 right_tenths_rpm=0 enabled_samples=0
event=control elapsed_ms=310 source_health=2 authorization=0 armed=0 status=458759 word=2 left_tenths_rpm=0 right_tenths_rpm=0 enabled_samples=0
event=control elapsed_ms=420 source_health=2 authorization=0 armed=0 status=458759 word=2 left_tenths_rpm=0 right_tenths_rpm=0 enabled_samples=0
event=control elapsed_ms=530 source_health=2 authorization=0 armed=0 status=458759 word=2 left_tenths_rpm=0 right_tenths_rpm=0 enabled_samples=0
event=control elapsed_ms=640 source_health=2 authorization=0 armed=0 status=458759 word=2 left_tenths_rpm=0 right_tenths_rpm=0 enabled_samples=0
event=control elapsed_ms=750 source_health=2 authorization=0 armed=0 status=458759 word=2 left_tenths_rpm=0 right_tenths_rpm=0 enabled_samples=0
event=control elapsed_ms=860 source_health=2 authorization=0 armed=0 status=458759 word=2 left_tenths_rpm=0 right_tenths_rpm=0 enabled_samples=0
event=control elapsed_ms=960 source_health=2 authorization=0 armed=0 status=458759 word=2 left_tenths_rpm=0 right_tenths_rpm=0 enabled_samples=0
event=control elapsed_ms=1070 source_health=2 authorization=0 armed=0 status=458759 word=2 left_tenths_rpm=0 right_tenths_rpm=0 enabled_samples=0
event=control elapsed_ms=1170 source_health=2 authorization=0 armed=0 status=458759 word=2 left_tenths_rpm=0 right_tenths_rpm=0 enabled_samples=0
event=control elapsed_ms=1280 source_health=2 authorization=0 armed=0 status=458759 word=2 left_tenths_rpm=0 right_tenths_rpm=0 enabled_samples=0
event=control elapsed_ms=1390 source_health=2 authorization=0 armed=0 status=458759 word=2 left_tenths_rpm=0 right_tenths_rpm=0 enabled_samples=0
event=control elapsed_ms=1500 source_health=2 authorization=0 armed=0 status=458759 word=2 left_tenths_rpm=0 right_tenths_rpm=0 enabled_samples=0
event=control elapsed_ms=1610 source_health=2 authorization=0 armed=0 status=458759 word=2 left_tenths_rpm=0 right_tenths_rpm=0 enabled_samples=0
event=control elapsed_ms=1710 source_health=2 authorization=0 armed=0 status=458759 word=2 left_tenths_rpm=0 right_tenths_rpm=0 enabled_samples=0
event=control elapsed_ms=1820 source_health=2 authorization=0 armed=0 status=458759 word=2 left_tenths_rpm=0 right_tenths_rpm=0 enabled_samples=0
event=control elapsed_ms=1920 source_health=2 authorization=0 armed=0 status=458759 word=2 left_tenths_rpm=0 right_tenths_rpm=0 enabled_samples=0
event=control elapsed_ms=2020 source_health=2 authorization=0 armed=0 status=458759 word=2 left_tenths_rpm=0 right_tenths_rpm=0 enabled_samples=0
event=control elapsed_ms=2121 source_health=2 authorization=0 armed=0 status=458759 word=2 left_tenths_rpm=0 right_tenths_rpm=0 enabled_samples=0
event=control elapsed_ms=2231 source_health=2 authorization=0 armed=0 status=458759 word=2 left_tenths_rpm=0 right_tenths_rpm=0 enabled_samples=0
event=control elapsed_ms=2341 source_health=2 authorization=0 armed=0 status=458759 word=2 left_tenths_rpm=0 right_tenths_rpm=0 enabled_samples=0
event=control elapsed_ms=2451 source_health=2 authorization=0 armed=0 status=458759 word=2 left_tenths_rpm=0 right_tenths_rpm=0 enabled_samples=0
event=control elapsed_ms=2561 source_health=2 authorization=0 armed=0 status=458759 word=2 left_tenths_rpm=0 right_tenths_rpm=0 enabled_samples=0
event=control elapsed_ms=2661 source_health=2 authorization=0 armed=0 status=458759 word=2 left_tenths_rpm=0 right_tenths_rpm=0 enabled_samples=0
event=control elapsed_ms=2771 source_health=2 authorization=0 armed=0 status=458759 word=2 left_tenths_rpm=0 right_tenths_rpm=0 enabled_samples=0
event=control elapsed_ms=2871 source_health=2 authorization=0 armed=0 status=458759 word=2 left_tenths_rpm=0 right_tenths_rpm=0 enabled_samples=0
event=control elapsed_ms=2981 source_health=2 authorization=0 armed=0 status=458759 word=2 left_tenths_rpm=0 right_tenths_rpm=0 enabled_samples=0
event=control elapsed_ms=3091 source_health=2 authorization=0 armed=0 status=458759 word=2 left_tenths_rpm=0 right_tenths_rpm=0 enabled_samples=0
event=control elapsed_ms=3201 source_health=2 authorization=0 armed=0 status=458759 word=2 left_tenths_rpm=0 right_tenths_rpm=0 enabled_samples=0
event=control elapsed_ms=3311 source_health=2 authorization=0 armed=0 status=458759 word=2 left_tenths_rpm=0 right_tenths_rpm=0 enabled_samples=0
event=control elapsed_ms=3420 source_health=2 authorization=0 armed=0 status=458759 word=2 left_tenths_rpm=0 right_tenths_rpm=0 enabled_samples=0
event=control elapsed_ms=3521 source_health=2 authorization=0 armed=0 status=458759 word=2 left_tenths_rpm=0 right_tenths_rpm=0 enabled_samples=0
event=control elapsed_ms=3630 source_health=2 authorization=0 armed=0 status=458759 word=2 left_tenths_rpm=0 right_tenths_rpm=0 enabled_samples=0
event=control elapsed_ms=3740 source_health=2 authorization=0 armed=0 status=458759 word=2 left_tenths_rpm=0 right_tenths_rpm=0 enabled_samples=0
event=control elapsed_ms=3840 source_health=2 authorization=0 armed=0 status=458759 word=2 left_tenths_rpm=0 right_tenths_rpm=0 enabled_samples=0
event=control elapsed_ms=3940 source_health=2 authorization=0 armed=0 status=458759 word=2 left_tenths_rpm=0 right_tenths_rpm=0 enabled_samples=0
event=control elapsed_ms=4041 source_health=2 authorization=0 armed=0 status=458759 word=2 left_tenths_rpm=0 right_tenths_rpm=0 enabled_samples=0
event=control elapsed_ms=4151 source_health=2 authorization=0 armed=0 status=458759 word=2 left_tenths_rpm=0 right_tenths_rpm=0 enabled_samples=0
event=control elapsed_ms=4251 source_health=2 authorization=0 armed=0 status=458759 word=2 left_tenths_rpm=0 right_tenths_rpm=0 enabled_samples=0
event=control elapsed_ms=4360 source_health=2 authorization=0 armed=0 status=458759 word=2 left_tenths_rpm=0 right_tenths_rpm=0 enabled_samples=0
event=control elapsed_ms=4461 source_health=2 authorization=0 armed=0 status=458759 word=2 left_tenths_rpm=0 right_tenths_rpm=0 enabled_samples=0
event=control elapsed_ms=4571 source_health=2 authorization=0 armed=0 status=458759 word=2 left_tenths_rpm=0 right_tenths_rpm=0 enabled_samples=0
event=control elapsed_ms=4680 source_health=2 authorization=0 armed=0 status=458759 word=2 left_tenths_rpm=0 right_tenths_rpm=0 enabled_samples=0
event=control elapsed_ms=4781 source_health=2 authorization=0 armed=0 status=458759 word=2 left_tenths_rpm=0 right_tenths_rpm=0 enabled_samples=0
event=control elapsed_ms=4890 source_health=2 authorization=0 armed=0 status=458759 word=2 left_tenths_rpm=0 right_tenths_rpm=0 enabled_samples=0
event=control elapsed_ms=4991 source_health=2 authorization=0 armed=0 status=458759 word=2 left_tenths_rpm=0 right_tenths_rpm=0 enabled_samples=0
event=control elapsed_ms=5091 source_health=2 authorization=0 armed=0 status=458759 word=2 left_tenths_rpm=0 right_tenths_rpm=0 enabled_samples=0
event=control elapsed_ms=5201 source_health=2 authorization=0 armed=0 status=458759 word=2 left_tenths_rpm=0 right_tenths_rpm=0 enabled_samples=0
event=control elapsed_ms=5301 source_health=2 authorization=0 armed=0 status=458759 word=2 left_tenths_rpm=0 right_tenths_rpm=0 enabled_samples=0
event=control elapsed_ms=5410 source_health=2 authorization=0 armed=0 status=458759 word=2 left_tenths_rpm=0 right_tenths_rpm=0 enabled_samples=0
event=control elapsed_ms=5520 source_health=2 authorization=0 armed=0 status=458759 word=2 left_tenths_rpm=0 right_tenths_rpm=0 enabled_samples=0
event=control elapsed_ms=5620 source_health=2 authorization=0 armed=0 status=458759 word=2 left_tenths_rpm=0 right_tenths_rpm=0 enabled_samples=0
event=control elapsed_ms=5730 source_health=2 authorization=0 armed=0 status=458759 word=2 left_tenths_rpm=0 right_tenths_rpm=0 enabled_samples=0
event=control elapsed_ms=5840 source_health=2 authorization=0 armed=0 status=458759 word=2 left_tenths_rpm=0 right_tenths_rpm=0 enabled_samples=0
event=control elapsed_ms=5940 source_health=2 authorization=0 armed=0 status=458759 word=2 left_tenths_rpm=0 right_tenths_rpm=0 enabled_samples=0
event=control elapsed_ms=6040 source_health=2 authorization=0 armed=0 status=458759 word=2 left_tenths_rpm=0 right_tenths_rpm=0 enabled_samples=0
event=control elapsed_ms=6140 source_health=2 authorization=0 armed=0 status=458759 word=2 left_tenths_rpm=0 right_tenths_rpm=0 enabled_samples=0
event=control elapsed_ms=6250 source_health=2 authorization=0 armed=0 status=458759 word=2 left_tenths_rpm=0 right_tenths_rpm=0 enabled_samples=0
event=control elapsed_ms=6351 source_health=2 authorization=0 armed=0 status=458759 word=2 left_tenths_rpm=0 right_tenths_rpm=0 enabled_samples=0
event=control elapsed_ms=6460 source_health=2 authorization=0 armed=0 status=458759 word=2 left_tenths_rpm=0 right_tenths_rpm=0 enabled_samples=0
event=control elapsed_ms=6571 source_health=2 authorization=0 armed=0 status=458759 word=2 left_tenths_rpm=0 right_tenths_rpm=0 enabled_samples=0
event=control elapsed_ms=6681 source_health=2 authorization=0 armed=0 status=458759 word=2 left_tenths_rpm=0 right_tenths_rpm=0 enabled_samples=0
event=control elapsed_ms=6790 source_health=2 authorization=0 armed=0 status=458759 word=2 left_tenths_rpm=0 right_tenths_rpm=0 enabled_samples=0
event=control elapsed_ms=6890 source_health=2 authorization=0 armed=0 status=458759 word=2 left_tenths_rpm=0 right_tenths_rpm=0 enabled_samples=0
event=control elapsed_ms=6990 source_health=2 authorization=0 armed=0 status=458759 word=2 left_tenths_rpm=0 right_tenths_rpm=0 enabled_samples=0
event=control elapsed_ms=7100 source_health=2 authorization=0 armed=0 status=458759 word=2 left_tenths_rpm=0 right_tenths_rpm=0 enabled_samples=0
event=control elapsed_ms=7200 source_health=2 authorization=0 armed=0 status=458759 word=2 left_tenths_rpm=0 right_tenths_rpm=0 enabled_samples=0
event=control elapsed_ms=7310 source_health=2 authorization=0 armed=0 status=458759 word=2 left_tenths_rpm=0 right_tenths_rpm=0 enabled_samples=0
event=control elapsed_ms=7420 source_health=2 authorization=0 armed=0 status=458759 word=2 left_tenths_rpm=0 right_tenths_rpm=0 enabled_samples=0
event=control elapsed_ms=7530 source_health=2 authorization=0 armed=0 status=458759 word=2 left_tenths_rpm=0 right_tenths_rpm=0 enabled_samples=0
event=control elapsed_ms=7640 source_health=2 authorization=0 armed=0 status=458759 word=2 left_tenths_rpm=0 right_tenths_rpm=0 enabled_samples=0
event=control elapsed_ms=7750 source_health=2 authorization=0 armed=0 status=458759 word=2 left_tenths_rpm=0 right_tenths_rpm=0 enabled_samples=0
event=control elapsed_ms=7860 source_health=2 authorization=0 armed=0 status=458759 word=2 left_tenths_rpm=0 right_tenths_rpm=0 enabled_samples=0
event=control elapsed_ms=7970 source_health=2 authorization=0 armed=0 status=458759 word=2 left_tenths_rpm=0 right_tenths_rpm=0 enabled_samples=0
event=control elapsed_ms=8080 source_health=2 authorization=0 armed=0 status=458759 word=2 left_tenths_rpm=0 right_tenths_rpm=0 enabled_samples=0
event=control elapsed_ms=8190 source_health=2 authorization=0 armed=0 status=458759 word=2 left_tenths_rpm=0 right_tenths_rpm=0 enabled_samples=0
event=control elapsed_ms=8290 source_health=2 authorization=0 armed=0 status=458759 word=2 left_tenths_rpm=0 right_tenths_rpm=0 enabled_samples=0
event=control elapsed_ms=8390 source_health=2 authorization=0 armed=0 status=458759 word=2 left_tenths_rpm=0 right_tenths_rpm=0 enabled_samples=0
event=control elapsed_ms=8500 source_health=2 authorization=0 armed=0 status=458759 word=2 left_tenths_rpm=0 right_tenths_rpm=0 enabled_samples=0
event=control elapsed_ms=8600 source_health=2 authorization=0 armed=0 status=458759 word=2 left_tenths_rpm=0 right_tenths_rpm=0 enabled_samples=0
event=control elapsed_ms=8710 source_health=2 authorization=0 armed=0 status=458759 word=2 left_tenths_rpm=0 right_tenths_rpm=0 enabled_samples=0
event=control elapsed_ms=8810 source_health=2 authorization=0 armed=0 status=458759 word=2 left_tenths_rpm=0 right_tenths_rpm=0 enabled_samples=0
event=control elapsed_ms=8911 source_health=2 authorization=0 armed=0 status=458759 word=2 left_tenths_rpm=0 right_tenths_rpm=0 enabled_samples=0
event=control elapsed_ms=9021 source_health=2 authorization=0 armed=0 status=458759 word=2 left_tenths_rpm=0 right_tenths_rpm=0 enabled_samples=0
event=control elapsed_ms=9131 source_health=2 authorization=0 armed=0 status=458759 word=2 left_tenths_rpm=0 right_tenths_rpm=0 enabled_samples=0
event=control elapsed_ms=9241 source_health=2 authorization=0 armed=0 status=458759 word=2 left_tenths_rpm=0 right_tenths_rpm=0 enabled_samples=0
event=control elapsed_ms=9341 source_health=2 authorization=0 armed=0 status=458759 word=2 left_tenths_rpm=0 right_tenths_rpm=0 enabled_samples=0
event=control elapsed_ms=9451 source_health=2 authorization=0 armed=0 status=458759 word=2 left_tenths_rpm=0 right_tenths_rpm=0 enabled_samples=0
event=control elapsed_ms=9560 source_health=2 authorization=0 armed=0 status=458759 word=2 left_tenths_rpm=0 right_tenths_rpm=0 enabled_samples=0
event=control elapsed_ms=9661 source_health=2 authorization=0 armed=0 status=458759 word=2 left_tenths_rpm=0 right_tenths_rpm=0 enabled_samples=0
event=control elapsed_ms=9770 source_health=2 authorization=0 armed=0 status=458759 word=2 left_tenths_rpm=0 right_tenths_rpm=0 enabled_samples=0
event=control elapsed_ms=9871 source_health=2 authorization=0 armed=0 status=458759 word=2 left_tenths_rpm=0 right_tenths_rpm=0 enabled_samples=0
event=control elapsed_ms=9971 source_health=2 authorization=0 armed=0 status=458759 word=2 left_tenths_rpm=0 right_tenths_rpm=0 enabled_samples=0
event=control elapsed_ms=10071 source_health=2 authorization=0 armed=0 status=458759 word=2 left_tenths_rpm=0 right_tenths_rpm=0 enabled_samples=0
event=control elapsed_ms=10181 source_health=2 authorization=0 armed=0 status=458759 word=2 left_tenths_rpm=0 right_tenths_rpm=0 enabled_samples=0
event=control elapsed_ms=10290 source_health=2 authorization=0 armed=0 status=458759 word=2 left_tenths_rpm=0 right_tenths_rpm=0 enabled_samples=0
event=control elapsed_ms=10390 source_health=2 authorization=0 armed=0 status=458759 word=2 left_tenths_rpm=0 right_tenths_rpm=0 enabled_samples=0
event=control elapsed_ms=10491 source_health=2 authorization=0 armed=0 status=458759 word=2 left_tenths_rpm=0 right_tenths_rpm=0 enabled_samples=0
event=control elapsed_ms=10591 source_health=2 authorization=0 armed=0 status=458759 word=2 left_tenths_rpm=0 right_tenths_rpm=0 enabled_samples=0
event=control elapsed_ms=10701 source_health=2 authorization=0 armed=0 status=458759 word=2 left_tenths_rpm=0 right_tenths_rpm=0 enabled_samples=0
event=control elapsed_ms=10810 source_health=2 authorization=0 armed=0 status=458759 word=2 left_tenths_rpm=0 right_tenths_rpm=0 enabled_samples=0
event=control elapsed_ms=10921 source_health=2 authorization=0 armed=0 status=458759 word=2 left_tenths_rpm=0 right_tenths_rpm=0 enabled_samples=0
event=control elapsed_ms=11032 source_health=2 authorization=0 armed=0 status=458759 word=2 left_tenths_rpm=0 right_tenths_rpm=0 enabled_samples=0
event=control elapsed_ms=11140 source_health=2 authorization=0 armed=0 status=458759 word=2 left_tenths_rpm=0 right_tenths_rpm=0 enabled_samples=0
event=control elapsed_ms=11240 source_health=2 authorization=0 armed=0 status=458759 word=2 left_tenths_rpm=0 right_tenths_rpm=0 enabled_samples=0
event=control elapsed_ms=11341 source_health=2 authorization=0 armed=0 status=458759 word=2 left_tenths_rpm=0 right_tenths_rpm=0 enabled_samples=0
event=control elapsed_ms=11451 source_health=2 authorization=0 armed=0 status=458759 word=2 left_tenths_rpm=0 right_tenths_rpm=0 enabled_samples=0
event=control elapsed_ms=11551 source_health=2 authorization=0 armed=0 status=458759 word=2 left_tenths_rpm=0 right_tenths_rpm=0 enabled_samples=0
event=control elapsed_ms=11651 source_health=2 authorization=0 armed=0 status=458759 word=2 left_tenths_rpm=0 right_tenths_rpm=0 enabled_samples=0
event=control elapsed_ms=11751 source_health=2 authorization=0 armed=0 status=458759 word=2 left_tenths_rpm=0 right_tenths_rpm=0 enabled_samples=0
event=control elapsed_ms=11860 source_health=2 authorization=0 armed=0 status=458759 word=2 left_tenths_rpm=0 right_tenths_rpm=0 enabled_samples=0
event=control elapsed_ms=11960 source_health=2 authorization=0 armed=0 status=458759 word=2 left_tenths_rpm=0 right_tenths_rpm=0 enabled_samples=0
event=control elapsed_ms=12060 source_health=2 authorization=0 armed=0 status=458759 word=2 left_tenths_rpm=0 right_tenths_rpm=0 enabled_samples=0
event=control elapsed_ms=12170 source_health=2 authorization=0 armed=0 status=458759 word=2 left_tenths_rpm=0 right_tenths_rpm=0 enabled_samples=0
event=control elapsed_ms=12280 source_health=2 authorization=0 armed=0 status=458759 word=2 left_tenths_rpm=0 right_tenths_rpm=0 enabled_samples=0
event=control elapsed_ms=12380 source_health=2 authorization=0 armed=0 status=458759 word=2 left_tenths_rpm=0 right_tenths_rpm=0 enabled_samples=0
event=control elapsed_ms=12480 source_health=2 authorization=0 armed=0 status=458759 word=2 left_tenths_rpm=0 right_tenths_rpm=0 enabled_samples=0
event=control elapsed_ms=12590 source_health=2 authorization=0 armed=0 status=458759 word=2 left_tenths_rpm=0 right_tenths_rpm=0 enabled_samples=0
event=control elapsed_ms=12700 source_health=2 authorization=0 armed=0 status=458759 word=2 left_tenths_rpm=0 right_tenths_rpm=0 enabled_samples=0
event=control elapsed_ms=12800 source_health=2 authorization=0 armed=0 status=458759 word=2 left_tenths_rpm=0 right_tenths_rpm=0 enabled_samples=0
event=control elapsed_ms=12910 source_health=2 authorization=0 armed=0 status=458759 word=2 left_tenths_rpm=0 right_tenths_rpm=0 enabled_samples=0
event=control elapsed_ms=13010 source_health=2 authorization=0 armed=0 status=458759 word=2 left_tenths_rpm=0 right_tenths_rpm=0 enabled_samples=0
event=control elapsed_ms=13120 source_health=2 authorization=0 armed=0 status=458759 word=2 left_tenths_rpm=0 right_tenths_rpm=0 enabled_samples=0
event=control elapsed_ms=13220 source_health=2 authorization=0 armed=0 status=458759 word=2 left_tenths_rpm=0 right_tenths_rpm=0 enabled_samples=0
event=control elapsed_ms=13330 source_health=2 authorization=0 armed=0 status=458759 word=2 left_tenths_rpm=0 right_tenths_rpm=0 enabled_samples=0
event=control elapsed_ms=13440 source_health=2 authorization=0 armed=0 status=458759 word=2 left_tenths_rpm=0 right_tenths_rpm=0 enabled_samples=0
event=control elapsed_ms=13540 source_health=2 authorization=0 armed=0 status=458759 word=2 left_tenths_rpm=0 right_tenths_rpm=0 enabled_samples=0
event=control elapsed_ms=13650 source_health=2 authorization=0 armed=0 status=458759 word=2 left_tenths_rpm=0 right_tenths_rpm=0 enabled_samples=0
event=control elapsed_ms=13751 source_health=2 authorization=0 armed=0 status=458759 word=2 left_tenths_rpm=0 right_tenths_rpm=0 enabled_samples=0
event=control elapsed_ms=13851 source_health=2 authorization=0 armed=0 status=458759 word=2 left_tenths_rpm=0 right_tenths_rpm=0 enabled_samples=0
event=control elapsed_ms=13960 source_health=2 authorization=0 armed=0 status=458759 word=2 left_tenths_rpm=0 right_tenths_rpm=0 enabled_samples=0
event=control elapsed_ms=14061 source_health=2 authorization=0 armed=0 status=458759 word=2 left_tenths_rpm=0 right_tenths_rpm=0 enabled_samples=0
event=control elapsed_ms=14171 source_health=2 authorization=0 armed=0 status=458759 word=2 left_tenths_rpm=0 right_tenths_rpm=0 enabled_samples=0
event=control elapsed_ms=14271 source_health=2 authorization=0 armed=0 status=458759 word=2 left_tenths_rpm=0 right_tenths_rpm=0 enabled_samples=0
event=control elapsed_ms=14381 source_health=2 authorization=0 armed=0 status=458759 word=2 left_tenths_rpm=0 right_tenths_rpm=0 enabled_samples=0
event=control elapsed_ms=14491 source_health=2 authorization=0 armed=0 status=458759 word=2 left_tenths_rpm=0 right_tenths_rpm=0 enabled_samples=0
event=control elapsed_ms=14591 source_health=2 authorization=0 armed=0 status=458759 word=2 left_tenths_rpm=0 right_tenths_rpm=0 enabled_samples=0
event=control elapsed_ms=14701 source_health=2 authorization=0 armed=0 status=458759 word=2 left_tenths_rpm=0 right_tenths_rpm=0 enabled_samples=0
event=control elapsed_ms=14811 source_health=2 authorization=0 armed=0 status=458759 word=2 left_tenths_rpm=0 right_tenths_rpm=0 enabled_samples=0
event=control elapsed_ms=14912 source_health=2 authorization=0 armed=0 status=458759 word=2 left_tenths_rpm=0 right_tenths_rpm=0 enabled_samples=0
event=control elapsed_ms=15021 source_health=2 authorization=0 armed=0 status=458759 word=2 left_tenths_rpm=0 right_tenths_rpm=0 enabled_samples=0
event=control elapsed_ms=15131 source_health=2 authorization=0 armed=0 status=458759 word=2 left_tenths_rpm=0 right_tenths_rpm=0 enabled_samples=0
event=control elapsed_ms=15240 source_health=2 authorization=0 armed=0 status=458759 word=2 left_tenths_rpm=0 right_tenths_rpm=0 enabled_samples=0
event=control elapsed_ms=15341 source_health=2 authorization=0 armed=0 status=458759 word=2 left_tenths_rpm=0 right_tenths_rpm=0 enabled_samples=0
event=control elapsed_ms=15451 source_health=2 authorization=0 armed=0 status=458759 word=2 left_tenths_rpm=0 right_tenths_rpm=0 enabled_samples=0
event=control elapsed_ms=15561 source_health=2 authorization=0 armed=0 status=458759 word=2 left_tenths_rpm=0 right_tenths_rpm=0 enabled_samples=0
event=control elapsed_ms=15671 source_health=2 authorization=0 armed=0 status=458759 word=2 left_tenths_rpm=0 right_tenths_rpm=0 enabled_samples=0
event=control elapsed_ms=15781 source_health=2 authorization=0 armed=0 status=458759 word=2 left_tenths_rpm=0 right_tenths_rpm=0 enabled_samples=0
event=control elapsed_ms=15891 source_health=2 authorization=0 armed=0 status=458759 word=2 left_tenths_rpm=0 right_tenths_rpm=0 enabled_samples=0
event=control elapsed_ms=16001 source_health=2 authorization=0 armed=0 status=458759 word=2 left_tenths_rpm=0 right_tenths_rpm=0 enabled_samples=0
event=control elapsed_ms=16101 source_health=2 authorization=0 armed=0 status=458759 word=2 left_tenths_rpm=0 right_tenths_rpm=0 enabled_samples=0
event=control elapsed_ms=16211 source_health=2 authorization=0 armed=0 status=458759 word=2 left_tenths_rpm=0 right_tenths_rpm=0 enabled_samples=0
event=control elapsed_ms=16321 source_health=2 authorization=0 armed=0 status=458759 word=2 left_tenths_rpm=0 right_tenths_rpm=0 enabled_samples=0
event=control elapsed_ms=16431 source_health=2 authorization=0 armed=0 status=458759 word=2 left_tenths_rpm=0 right_tenths_rpm=0 enabled_samples=0
event=control elapsed_ms=16540 source_health=2 authorization=0 armed=0 status=458759 word=2 left_tenths_rpm=0 right_tenths_rpm=0 enabled_samples=0
event=control elapsed_ms=16641 source_health=2 authorization=0 armed=0 status=458759 word=2 left_tenths_rpm=0 right_tenths_rpm=0 enabled_samples=0
event=control elapsed_ms=16750 source_health=2 authorization=0 armed=0 status=458759 word=2 left_tenths_rpm=0 right_tenths_rpm=0 enabled_samples=0
event=control elapsed_ms=16860 source_health=2 authorization=0 armed=0 status=458759 word=2 left_tenths_rpm=0 right_tenths_rpm=0 enabled_samples=0
event=control elapsed_ms=16960 source_health=2 authorization=0 armed=0 status=458759 word=2 left_tenths_rpm=0 right_tenths_rpm=0 enabled_samples=0
event=control elapsed_ms=17060 source_health=2 authorization=0 armed=0 status=458759 word=2 left_tenths_rpm=0 right_tenths_rpm=0 enabled_samples=0
event=control elapsed_ms=17170 source_health=2 authorization=0 armed=0 status=458759 word=2 left_tenths_rpm=0 right_tenths_rpm=0 enabled_samples=0
event=control elapsed_ms=17270 source_health=2 authorization=0 armed=0 status=458759 word=2 left_tenths_rpm=0 right_tenths_rpm=0 enabled_samples=0
event=control elapsed_ms=17380 source_health=2 authorization=0 armed=0 status=458759 word=2 left_tenths_rpm=0 right_tenths_rpm=0 enabled_samples=0
event=control elapsed_ms=17480 source_health=2 authorization=0 armed=0 status=458759 word=2 left_tenths_rpm=0 right_tenths_rpm=0 enabled_samples=0
event=control elapsed_ms=17580 source_health=2 authorization=0 armed=0 status=458759 word=2 left_tenths_rpm=0 right_tenths_rpm=0 enabled_samples=0
event=control elapsed_ms=17690 source_health=2 authorization=0 armed=0 status=458759 word=2 left_tenths_rpm=0 right_tenths_rpm=0 enabled_samples=0
event=control elapsed_ms=17790 source_health=2 authorization=0 armed=0 status=458759 word=2 left_tenths_rpm=0 right_tenths_rpm=0 enabled_samples=0
event=control elapsed_ms=17900 source_health=2 authorization=0 armed=0 status=458759 word=2 left_tenths_rpm=0 right_tenths_rpm=0 enabled_samples=0
event=control elapsed_ms=18010 source_health=2 authorization=0 armed=0 status=458759 word=2 left_tenths_rpm=0 right_tenths_rpm=0 enabled_samples=0
event=control elapsed_ms=18120 source_health=2 authorization=0 armed=0 status=458759 word=2 left_tenths_rpm=0 right_tenths_rpm=0 enabled_samples=0
event=control elapsed_ms=18230 source_health=2 authorization=0 armed=0 status=458759 word=2 left_tenths_rpm=0 right_tenths_rpm=0 enabled_samples=0
event=control elapsed_ms=18330 source_health=2 authorization=0 armed=0 status=458759 word=2 left_tenths_rpm=0 right_tenths_rpm=0 enabled_samples=0
event=control elapsed_ms=18430 source_health=2 authorization=0 armed=0 status=458759 word=2 left_tenths_rpm=0 right_tenths_rpm=0 enabled_samples=0
event=control elapsed_ms=18540 source_health=2 authorization=0 armed=0 status=458759 word=2 left_tenths_rpm=0 right_tenths_rpm=0 enabled_samples=0
event=control elapsed_ms=18651 source_health=2 authorization=0 armed=0 status=458759 word=2 left_tenths_rpm=0 right_tenths_rpm=0 enabled_samples=0
event=control elapsed_ms=18760 source_health=2 authorization=0 armed=0 status=458759 word=2 left_tenths_rpm=0 right_tenths_rpm=0 enabled_samples=0
event=control elapsed_ms=18870 source_health=2 authorization=0 armed=0 status=458759 word=2 left_tenths_rpm=0 right_tenths_rpm=0 enabled_samples=0
event=control elapsed_ms=18970 source_health=2 authorization=0 armed=0 status=458759 word=2 left_tenths_rpm=0 right_tenths_rpm=0 enabled_samples=0
event=control elapsed_ms=19070 source_health=2 authorization=0 armed=0 status=458759 word=2 left_tenths_rpm=0 right_tenths_rpm=0 enabled_samples=0
event=control elapsed_ms=19180 source_health=2 authorization=0 armed=0 status=458759 word=2 left_tenths_rpm=0 right_tenths_rpm=0 enabled_samples=0
event=control elapsed_ms=19280 source_health=2 authorization=0 armed=0 status=458759 word=2 left_tenths_rpm=0 right_tenths_rpm=0 enabled_samples=0
event=control elapsed_ms=19390 source_health=2 authorization=0 armed=0 status=458759 word=2 left_tenths_rpm=0 right_tenths_rpm=0 enabled_samples=0
event=control elapsed_ms=19490 source_health=2 authorization=0 armed=0 status=458759 word=2 left_tenths_rpm=0 right_tenths_rpm=0 enabled_samples=0
event=control elapsed_ms=19600 source_health=2 authorization=0 armed=0 status=458759 word=2 left_tenths_rpm=0 right_tenths_rpm=0 enabled_samples=0
event=control elapsed_ms=19701 source_health=2 authorization=0 armed=0 status=458759 word=2 left_tenths_rpm=0 right_tenths_rpm=0 enabled_samples=0
event=control elapsed_ms=19801 source_health=2 authorization=0 armed=0 status=458759 word=2 left_tenths_rpm=0 right_tenths_rpm=0 enabled_samples=0
event=control elapsed_ms=19901 source_health=2 authorization=0 armed=0 status=458759 word=2 left_tenths_rpm=0 right_tenths_rpm=0 enabled_samples=0
event=control elapsed_ms=20001 source_health=2 authorization=0 armed=0 status=458759 word=2 left_tenths_rpm=0 right_tenths_rpm=0 enabled_samples=0
event=control elapsed_ms=20101 source_health=2 authorization=0 armed=0 status=458759 word=2 left_tenths_rpm=0 right_tenths_rpm=0 enabled_samples=0
event=control elapsed_ms=20210 source_health=2 authorization=0 armed=0 status=458759 word=2 left_tenths_rpm=0 right_tenths_rpm=0 enabled_samples=0
event=control elapsed_ms=20311 source_health=2 authorization=0 armed=0 status=458759 word=2 left_tenths_rpm=0 right_tenths_rpm=0 enabled_samples=0
event=control elapsed_ms=20420 source_health=2 authorization=0 armed=0 status=458759 word=2 left_tenths_rpm=0 right_tenths_rpm=0 enabled_samples=0
event=control elapsed_ms=20531 source_health=2 authorization=0 armed=0 status=458759 word=2 left_tenths_rpm=0 right_tenths_rpm=0 enabled_samples=0
event=control elapsed_ms=20641 source_health=2 authorization=0 armed=0 status=458759 word=2 left_tenths_rpm=0 right_tenths_rpm=0 enabled_samples=0
event=control elapsed_ms=20741 source_health=2 authorization=0 armed=0 status=458759 word=2 left_tenths_rpm=0 right_tenths_rpm=0 enabled_samples=0
event=control elapsed_ms=20841 source_health=2 authorization=0 armed=0 status=458759 word=2 left_tenths_rpm=0 right_tenths_rpm=0 enabled_samples=0
event=control elapsed_ms=20950 source_health=2 authorization=0 armed=0 status=458759 word=2 left_tenths_rpm=0 right_tenths_rpm=0 enabled_samples=0
event=control elapsed_ms=21050 source_health=3 authorization=1 armed=0 status=458759 word=2 left_tenths_rpm=0 right_tenths_rpm=0 enabled_samples=0
event=control elapsed_ms=21151 source_health=3 authorization=1 armed=0 status=458759 word=2 left_tenths_rpm=0 right_tenths_rpm=0 enabled_samples=0
event=control elapsed_ms=21251 source_health=3 authorization=1 armed=1 status=2555943 word=15 left_tenths_rpm=0 right_tenths_rpm=0 enabled_samples=2
event=control elapsed_ms=21361 source_health=3 authorization=1 armed=1 status=2555943 word=15 left_tenths_rpm=0 right_tenths_rpm=0 enabled_samples=13
event=motion_ready wheel=left max_rpm=5 maximum_nonzero_ms=3000
event=control elapsed_ms=21471 source_health=3 authorization=1 armed=1 status=2555943 word=15 left_tenths_rpm=0 right_tenths_rpm=0 enabled_samples=24
event=control elapsed_ms=21581 source_health=3 authorization=1 armed=1 status=2555943 word=15 left_tenths_rpm=0 right_tenths_rpm=0 enabled_samples=35
event=control elapsed_ms=21690 source_health=3 authorization=1 armed=1 status=2555943 word=15 left_tenths_rpm=50 right_tenths_rpm=0 enabled_samples=46
event=control elapsed_ms=21791 source_health=3 authorization=1 armed=1 status=2555943 word=15 left_tenths_rpm=50 right_tenths_rpm=0 enabled_samples=56
event=control elapsed_ms=21900 source_health=3 authorization=1 armed=1 status=2555943 word=15 left_tenths_rpm=50 right_tenths_rpm=0 enabled_samples=67
event=control elapsed_ms=22001 source_health=3 authorization=1 armed=1 status=2555943 word=15 left_tenths_rpm=50 right_tenths_rpm=0 enabled_samples=77
event=control elapsed_ms=22111 source_health=3 authorization=1 armed=1 status=2555943 word=15 left_tenths_rpm=50 right_tenths_rpm=0 enabled_samples=88
event=control elapsed_ms=22211 source_health=3 authorization=1 armed=1 status=2555943 word=15 left_tenths_rpm=50 right_tenths_rpm=0 enabled_samples=98
event=control elapsed_ms=22321 source_health=3 authorization=1 armed=1 status=2555943 word=15 left_tenths_rpm=50 right_tenths_rpm=0 enabled_samples=109
event=control elapsed_ms=22421 source_health=3 authorization=1 armed=1 status=2555943 word=15 left_tenths_rpm=50 right_tenths_rpm=0 enabled_samples=119
event=stop_cause code=1 signal_exit=4 at_ns=22014690215741
phase=runtime_stop ok=1 operation= context= errno=0
event=motion_stop verified=1 elapsed_us=342160 moving_feedback=40
hil_read index=24641 sub=0 raw=4194368
phase=control ok=1 operation= context= errno=0
phase=restore ok=1 operation= context= errno=0
event=summary cycles=2246 enabled_samples=122 missed_periods=0 maximum_lateness_us=2599 maximum_cycle_us=3419 shutdown_us=103 primary_ok=1 restore_ok=1
event=trace_header version=1 count=13486 overflow=0 feedback_bad=0 capacity=65536 timestamp=steady_receive_ns storage_bytes=9437184
LAST CAN FRAMES:
22015.075347 601 4000140100000000
22015.075352 581 4300140101020080
22015.077352 601 2f00160000000000
22015.077358 581 6000160000000000
22015.079338 601 4000160000000000
22015.079342 581 4f00160000000000
22015.081356 601 2300160110004060
22015.081361 581 6000160100000000
22015.083340 601 4000160100000000
22015.083343 581 4300160110004060
22015.085350 601 2300160208006060
22015.085356 581 6000160200000000
22015.087339 601 4000160200000000
22015.087344 581 4300160208006060
22015.089355 601 2f00160002000000
22015.089364 581 6000160000000000
22015.091348 601 4000160000000000
22015.091351 581 4f00160002000000
22015.092422 701 7f
22015.092487 601 2300140101020000
22015.092493 581 6000140100000000
22015.094335 601 4000140100000000
22015.094337 581 4300140101020000
22015.096364 601 2301180181020080
22015.096369 581 6001180100000000
22015.098337 601 4001180100000000
22015.098339 581 4301180181020080
22015.100414 601 2f011a0000000000
22015.100423 581 60011a0000000000
22015.102365 601 40011a0000000000
22015.102376 581 4f011a0000000000
22015.104365 601 23011a0100000000
22015.104376 581 60011a0100000000
22015.106362 601 40011a0100000000
22015.106371 581 43011a0100000000
22015.108350 601 23011a0200000000
22015.108358 581 60011a0200000000
22015.110351 601 40011a0200000000
22015.110359 581 43011a0200000000
22015.112348 601 2f011a0000000000
22015.112355 581 60011a0000000000
22015.112363 701 7f
22015.114336 601 40011a0000000000
22015.114340 581 4f011a0000000000
22015.116355 601 2b01180500000000
22015.116365 581 6001180500000000
22015.118352 601 4001180500000000
22015.118357 581 4b01180500000000
22015.120393 601 2301180181020000
22015.120400 581 6001180100000000
22015.122376 601 4001180100000000
22015.122382 581 4301180181020000
22015.124476 601 2b00200000000000
22015.124496 581 6000200000000000
22015.126343 601 4000200000000000
22015.126347 581 4b00200000000000
22015.128354 601 2b17100000000000
22015.128359 581 6017100000000000
22015.130340 601 4017100000000000
22015.130343 581 4b17100000000000
</system-out>
	</testcase>
	<testcase name="control_qualification_vcan_managed" classname="control_qualification_vcan_managed" time="6.18529" status="run">
		<properties/>
		<system-out>INFO: managed namespace vcan0 is up
hil_read index=24641 sub=0 raw=4194368
hil_read index=24672 sub=0 raw=3
hil_read index=24673 sub=0 raw=3
hil_read index=24639 sub=0 raw=0
hil_read index=24831 sub=1 raw=0
hil_read index=24831 sub=2 raw=0
hil_read index=24684 sub=1 raw=0
hil_read index=24684 sub=2 raw=0
hil_read index=24684 sub=3 raw=0
hil_read index=8207 sub=0 raw=1
hil_read index=8192 sub=0 raw=0
hil_read index=4119 sub=0 raw=0
hil_read index=5120 sub=1 raw=513
hil_read index=5120 sub=2 raw=255
hil_read index=5120 sub=5 raw=1000
hil_read index=5632 sub=0 raw=2
hil_read index=5632 sub=1 raw=1614807056
hil_read index=5632 sub=2 raw=1616904200
hil_read index=6144 sub=1 raw=385
hil_read index=6144 sub=2 raw=255
hil_read index=6144 sub=5 raw=100
hil_read index=6656 sub=0 raw=2
hil_read index=6656 sub=1 raw=1614872608
hil_read index=6656 sub=2 raw=1617691424
hil_read index=6145 sub=1 raw=641
hil_read index=6145 sub=2 raw=255
hil_read index=6145 sub=5 raw=0
hil_read index=6657 sub=0 raw=0
hil_read index=6657 sub=...
[This part of the test output was removed since it exceeds the threshold of 1024 bytes.]
</system-out>
	</testcase>
	<testcase name="domain_behavior_lock" classname="domain_behavior_lock" time="0.0296027" status="run">
		<properties/>
		<system-out>domain_behavior_lock passed
</system-out>
	</testcase>
	<testcase name="sbus_parser_contract" classname="sbus_parser_contract" time="0.0342716" status="run">
		<properties/>
		<system-out></system-out>
	</testcase>
	<testcase name="canopen_stack_build" classname="canopen_stack_build" time="0.00800232" status="run">
		<properties/>
		<system-out>canopen_stack_tests passed
</system-out>
	</testcase>
	<testcase name="canopen_vcan_managed" classname="canopen_vcan_managed" time="0.647669" status="run">
		<properties/>
		<system-out>INFO: managed namespace vcan0 is up
INFO: P5.5 observation service=boot raw_can_id=0x00000701 dlc=1 payload=0000000000000000 timestamp_ns=22021582746851 transport=1 boot=1
INFO: P5.5 observation service=heartbeat raw_can_id=0x00000701 dlc=1 payload=0500000000000000 timestamp_ns=22021593959122 transport=1 boot=1
INFO: P5.5 observation service=emcy raw_can_id=0x00000081 dlc=8 payload=34125678efcdab90 timestamp_ns=22021604803565 transport=1 boot=1
INFO: P5.5 observation service=tpdo1 raw_can_id=0x00000181 dlc=8 payload=1122334455667788 timestamp_ns=22021615934341 transport=1 boot=1
INFO: P5.5 observation service=tpdo2 raw_can_id=0x00000281 dlc=0 payload=0000000000000000 timestamp_ns=22021627436301 transport=1 boot=1
INFO: P5.5 observation service=tpdo3 raw_can_id=0x00000381 dlc=0 payload=0000000000000000 timestamp_ns=22021638301143 transport=1 boot=1
INFO: P5.5 observation service=tpdo4 raw_can_id=0x00000481 dlc=0 payload=0000000000000000 timestamp_ns=22021649215829 transport=1 boot=1
INFO: P5.5 observation serv...
[This part of the test output was removed since it exceeds the threshold of 1024 bytes.]
</system-out>
	</testcase>
	<testcase name="socketcan_frame_codec" classname="socketcan_frame_codec" time="0.0349933" status="run">
		<properties/>
		<system-out>socketcan_frame_tests passed
</system-out>
	</testcase>
	<testcase name="socketcan_socket_lifecycle" classname="socketcan_socket_lifecycle" time="0.0449302" status="run">
		<properties/>
		<system-out>SKIP: set ROBOT_CONTROL_TEST_VCAN_INTERFACE to an existing vcan interface for bind/filter/frame/metadata checks
socketcan_socket_tests passed
</system-out>
	</testcase>
	<testcase name="socketcan_vcan_managed" classname="socketcan_vcan_managed" time="0.247268" status="run">
		<properties/>
		<system-out>INFO: managed namespace vcan0 is up
INFO: managed vcan RX overflow evidence requested_rcvbuf=1024 effective_rcvbuf=2304 frames_attempted=4096 frames_sent=4096 raw_overflow_counter=4093
INFO: managed vcan CAN error-frame evidence raw_can_id=0x20000044 error_classes=0x00000044 payload=0004123456789abc
INFO: managed vcan link-down/reopen evidence interface=vcan0 original_ifindex=2 reopened_ifindex=2 receive_operation=poll receive_context="interface=vcan0 socket failure" receive_errno=5 send_operation=write send_context="interface=vcan0" send_errno=100 raw_can_id=0x000006a5 dlc=8 len8_dlc=0 payload=a55adeadbeef4224
INFO: managed vcan bidirectional frame and filter isolation checks passed
socketcan_socket_tests passed
</system-out>
	</testcase>
	<testcase name="linux_platform_integration" classname="linux_platform_integration" time="0.252607" status="run">
		<properties/>
		<system-out>linux_platform_integration passed
</system-out>
	</testcase>
	<testcase name="sbus_reader_pty" classname="sbus_reader_pty" time="0.158489" status="run">
		<properties/>
		<system-out>SBUS reader PTY tests passed
</system-out>
	</testcase>
	<testcase name="sbus_observer_cli" classname="sbus_observer_cli" time="1.02925" status="run">
		<properties/>
		<system-out>SBUS observer CLI, PTY, SIGTERM and output-backpressure tests passed
</system-out>
	</testcase>
	<testcase name="sbus_source_archived_replay" classname="sbus_source_archived_replay" time="0.120458" status="run">
		<properties/>
		<system-out>p9_2_sbus_capture_20260916: frames/rejected/lost/failsafe=(1428, 0, 0, 0) PASS (offline replay)
attempt1: frames/rejected/lost/failsafe=(4098, 2, 422, 351) PASS (offline replay)
attempt2: frames/rejected/lost/failsafe=(4290, 3, 420, 348) PASS (offline replay)
</system-out>
	</testcase>
</testsuite>
